<?xml version="1.0" encoding="UTF-8"?>
<!-- Generated by org.testng.reporters.JUnitXMLReporter -->
<testsuite hostname="JaishanDell" name="Assessment Suite" tests="11" failures="0" timestamp="31 Dec 2020 02:08:55 GMT" time="189.207" errors="0">
  <testcase name="accountSetup" time="13.04" classname="com.project.testcases.CreateNewAccount"/>
  <testcase name="checkCountry" time="6.536" classname="com.project.testcases.TestCountryField"/>
  <testcase name="createOrder" time="22.44" classname="com.project.testcases.PurchaseProducts"/>
  <testcase name="searchManufacturer" time="5.319" classname="com.project.testcases.TestSearch"/>
  <testcase name="searchProduct" time="8.025" classname="com.project.testcases.TestSearch"/>
  <testcase name="testValidLogin" time="5.006" classname="com.project.testcases.TestLogin"/>
  <testcase name="testInValidLogin" time="2.622" classname="com.project.testcases.TestLogin"/>
  <testcase name="enterReview" time="7.658" classname="com.project.testcases.TestSearch"/>
  <testcase name="enterPinterest" time="10.515" classname="com.project.testcases.TestSearch"/>
  <testcase name="enterFaceBook" time="14.602" classname="com.project.testcases.TestSearch"/>
  <testcase name="enterGPlus" time="9.663" classname="com.project.testcases.TestSearch"/>
</testsuite> <!-- Assessment Suite -->
